# JRE version: OpenJDK Runtime Environment Temurin-21.0.8+9 (21.0.8+9) (build 21.0.8+9-LTS)
# Java VM: OpenJDK 64-Bit Server VM Temurin-21.0.8+9 (21.0.8+9-LTS, mixed mode, sharing, tiered, compressed oops, compressed class ptrs, parallel gc, windows-amd64)
GC Precious Log:
 CardTable entry size: 512
 CPUs: 8 total, 8 available
 Memory: 8043M
 Large Page Support: Disabled
 NUMA Support: Disabled
 Compressed Oops: Enabled (32-bit)
 Alignments: Space 512K, Generation 512K, Heap 2M
 Heap Min Capacity: 100M
 Heap Initial Capacity: 100M
 Heap Max Capacity: 2G
 Pre-touch: Disabled
 Parallel Workers: 8
Heap:
 PSYoungGen      total 17920K, used 12018K [0x00000000d5580000, 0x00000000d6900000, 0x0000000100000000)
  eden space 17408K, 66% used [0x00000000d5580000,0x00000000d60d8a30,0x00000000d6680000)
  from space 512K, 78% used [0x00000000d6880000,0x00000000d68e4010,0x00000000d6900000)
  to   space 512K, 0% used [0x00000000d6800000,0x00000000d6800000,0x00000000d6880000)
 ParOldGen       total 98304K, used 98191K [0x0000000080000000, 0x0000000086000000, 0x00000000d5580000)
  object space 98304K, 99% used [0x0000000080000000,0x0000000085fe3d20,0x0000000086000000)
 Metaspace       used 71784K, committed 73152K, reserved 1114112K
  class space    used 7546K, committed 8128K, reserved 1048576K
GC Heap History (20 events):
Event: 597.400 GC heap before
{Heap before GC invocations=76 (full 3):
 PSYoungGen      total 18432K, used 17952K [0x00000000d5580000, 0x00000000d6b00000, 0x0000000100000000)
  eden space 17408K, 100% used [0x00000000d5580000,0x00000000d6680000,0x00000000d6680000)
  from space 1024K, 53% used [0x00000000d6a00000,0x00000000d6a88000,0x00000000d6b00000)
  to   space 1024K, 0% used [0x00000000d6900000,0x00000000d6900000,0x00000000d6a00000)
 ParOldGen       total 91648K, used 91206K [0x0000000080000000, 0x0000000085980000, 0x00000000d5580000)
  object space 91648K, 99% used [0x0000000080000000,0x0000000085911ba8,0x0000000085980000)
 Metaspace       used 69548K, committed 70848K, reserved 1114112K
  class space    used 7309K, committed 7872K, reserved 1048576K
}
Event: 597.401 GC heap after
{Heap after GC invocations=76 (full 3):
 PSYoungGen      total 18432K, used 679K [0x00000000d5580000, 0x00000000d6a80000, 0x0000000100000000)
  eden space 17408K, 0% used [0x00000000d5580000,0x00000000d5580000,0x00000000d6680000)
  from space 1024K, 66% used [0x00000000d6900000,0x00000000d69a9db0,0x00000000d6a00000)
  to   space 512K, 0% used [0x00000000d6a00000,0x00000000d6a00000,0x00000000d6a80000)
 ParOldGen       total 92160K, used 91663K [0x0000000080000000, 0x0000000085a00000, 0x00000000d5580000)
  object space 92160K, 99% used [0x0000000080000000,0x0000000085983dc8,0x0000000085a00000)
 Metaspace       used 69548K, committed 70848K, reserved 1114112K
  class space    used 7309K, committed 7872K, reserved 1048576K
}
Event: 597.435 GC heap before
{Heap before GC invocations=77 (full 3):
 PSYoungGen      total 18432K, used 18087K [0x00000000d5580000, 0x00000000d6a80000, 0x0000000100000000)
  eden space 17408K, 100% used [0x00000000d5580000,0x00000000d6680000,0x00000000d6680000)
  from space 1024K, 66% used [0x00000000d6900000,0x00000000d69a9db0,0x00000000d6a00000)
  to   space 512K, 0% used [0x00000000d6a00000,0x00000000d6a00000,0x00000000d6a80000)
 ParOldGen       total 92160K, used 91663K [0x0000000080000000, 0x0000000085a00000, 0x00000000d5580000)
  object space 92160K, 99% used [0x0000000080000000,0x0000000085983dc8,0x0000000085a00000)
 Metaspace       used 69548K, committed 70848K, reserved 1114112K
  class space    used 7309K, committed 7872K, reserved 1048576K
}
Event: 597.438 GC heap after
{Heap after GC invocations=77 (full 3):
 PSYoungGen      total 17920K, used 512K [0x00000000d5580000, 0x00000000d6a80000, 0x0000000100000000)
  eden space 17408K, 0% used [0x00000000d5580000,0x00000000d5580000,0x00000000d6680000)
  from space 512K, 100% used [0x00000000d6a00000,0x00000000d6a80000,0x00000000d6a80000)
  to   space 1024K, 0% used [0x00000000d6880000,0x00000000d6880000,0x00000000d6980000)
 ParOldGen       total 94720K, used 94315K [0x0000000080000000, 0x0000000085c80000, 0x00000000d5580000)
  object space 94720K, 99% used [0x0000000080000000,0x0000000085c1afc8,0x0000000085c80000)
 Metaspace       used 69548K, committed 70848K, reserved 1114112K
  class space    used 7309K, committed 7872K, reserved 1048576K
}
Event: 597.468 GC heap before
{Heap before GC invocations=78 (full 3):
 PSYoungGen      total 17920K, used 17920K [0x00000000d5580000, 0x00000000d6a80000, 0x0000000100000000)
  eden space 17408K, 100% used [0x00000000d5580000,0x00000000d6680000,0x00000000d6680000)
  from space 512K, 100% used [0x00000000d6a00000,0x00000000d6a80000,0x00000000d6a80000)
  to   space 1024K, 0% used [0x00000000d6880000,0x00000000d6880000,0x00000000d6980000)
 ParOldGen       total 94720K, used 94315K [0x0000000080000000, 0x0000000085c80000, 0x00000000d5580000)
  object space 94720K, 99% used [0x0000000080000000,0x0000000085c1afc8,0x0000000085c80000)
 Metaspace       used 69548K, committed 70848K, reserved 1114112K
  class space    used 7309K, committed 7872K, reserved 1048576K
}
Event: 597.469 GC heap after
{Heap after GC invocations=78 (full 3):
 PSYoungGen      total 18432K, used 544K [0x00000000d5580000, 0x00000000d6a80000, 0x0000000100000000)
  eden space 17408K, 0% used [0x00000000d5580000,0x00000000d5580000,0x00000000d6680000)
  from space 1024K, 53% used [0x00000000d6880000,0x00000000d6908000,0x00000000d6980000)
  to   space 1024K, 0% used [0x00000000d6980000,0x00000000d6980000,0x00000000d6a80000)
 ParOldGen       total 94720K, used 94691K [0x0000000080000000, 0x0000000085c80000, 0x00000000d5580000)
  object space 94720K, 99% used [0x0000000080000000,0x0000000085c78fc8,0x0000000085c80000)
 Metaspace       used 69548K, committed 70848K, reserved 1114112K
  class space    used 7309K, committed 7872K, reserved 1048576K
}
Event: 597.497 GC heap before
{Heap before GC invocations=79 (full 3):
 PSYoungGen      total 18432K, used 17952K [0x00000000d5580000, 0x00000000d6a80000, 0x0000000100000000)
  eden space 17408K, 100% used [0x00000000d5580000,0x00000000d6680000,0x00000000d6680000)
  from space 1024K, 53% used [0x00000000d6880000,0x00000000d6908000,0x00000000d6980000)
  to   space 1024K, 0% used [0x00000000d6980000,0x00000000d6980000,0x00000000d6a80000)
 ParOldGen       total 94720K, used 94691K [0x0000000080000000, 0x0000000085c80000, 0x00000000d5580000)
  object space 94720K, 99% used [0x0000000080000000,0x0000000085c78fc8,0x0000000085c80000)
 Metaspace       used 69548K, committed 70848K, reserved 1114112K
  class space    used 7309K, committed 7872K, reserved 1048576K
}
Event: 597.499 GC heap after
{Heap after GC invocations=79 (full 3):
 PSYoungGen      total 17920K, used 512K [0x00000000d5580000, 0x00000000d6a00000, 0x0000000100000000)
  eden space 17408K, 0% used [0x00000000d5580000,0x00000000d5580000,0x00000000d6680000)
  from space 512K, 100% used [0x00000000d6980000,0x00000000d6a00000,0x00000000d6a00000)
  to   space 1024K, 0% used [0x00000000d6800000,0x00000000d6800000,0x00000000d6900000)
 ParOldGen       total 95232K, used 95167K [0x0000000080000000, 0x0000000085d00000, 0x00000000d5580000)
  object space 95232K, 99% used [0x0000000080000000,0x0000000085ceffd8,0x0000000085d00000)
 Metaspace       used 69548K, committed 70848K, reserved 1114112K
  class space    used 7309K, committed 7872K, reserved 1048576K
}
Event: 597.520 GC heap before
{Heap before GC invocations=80 (full 3):
 PSYoungGen      total 17920K, used 17920K [0x00000000d5580000, 0x00000000d6a00000, 0x0000000100000000)
  eden space 17408K, 100% used [0x00000000d5580000,0x00000000d6680000,0x00000000d6680000)
  from space 512K, 100% used [0x00000000d6980000,0x00000000d6a00000,0x00000000d6a00000)
  to   space 1024K, 0% used [0x00000000d6800000,0x00000000d6800000,0x00000000d6900000)
 ParOldGen       total 95232K, used 95167K [0x0000000080000000, 0x0000000085d00000, 0x00000000d5580000)
  object space 95232K, 99% used [0x0000000080000000,0x0000000085ceffd8,0x0000000085d00000)
 Metaspace       used 69548K, committed 70848K, reserved 1114112K
  class space    used 7309K, committed 7872K, reserved 1048576K
}
Event: 597.521 GC heap after
{Heap after GC invocations=80 (full 3):
 PSYoungGen      total 18432K, used 544K [0x00000000d5580000, 0x00000000d6a00000, 0x0000000100000000)
  eden space 17408K, 0% used [0x00000000d5580000,0x00000000d5580000,0x00000000d6680000)
  from space 1024K, 53% used [0x00000000d6800000,0x00000000d6888000,0x00000000d6900000)
  to   space 1024K, 0% used [0x00000000d6900000,0x00000000d6900000,0x00000000d6a00000)
 ParOldGen       total 95744K, used 95599K [0x0000000080000000, 0x0000000085d80000, 0x00000000d5580000)
  object space 95744K, 99% used [0x0000000080000000,0x0000000085d5bfd8,0x0000000085d80000)
 Metaspace       used 69548K, committed 70848K, reserved 1114112K
  class space    used 7309K, committed 7872K, reserved 1048576K
}
Event: 597.555 GC heap before
{Heap before GC invocations=81 (full 3):
 PSYoungGen      total 18432K, used 17952K [0x00000000d5580000, 0x00000000d6a00000, 0x0000000100000000)
  eden space 17408K, 100% used [0x00000000d5580000,0x00000000d6680000,0x00000000d6680000)
  from space 1024K, 53% used [0x00000000d6800000,0x00000000d6888000,0x00000000d6900000)
  to   space 1024K, 0% used [0x00000000d6900000,0x00000000d6900000,0x00000000d6a00000)
 ParOldGen       total 95744K, used 95599K [0x0000000080000000, 0x0000000085d80000, 0x00000000d5580000)
  object space 95744K, 99% used [0x0000000080000000,0x0000000085d5bfd8,0x0000000085d80000)
 Metaspace       used 69549K, committed 70848K, reserved 1114112K
  class space    used 7309K, committed 7872K, reserved 1048576K
}
Event: 597.556 GC heap after
{Heap after GC invocations=81 (full 3):
 PSYoungGen      total 18432K, used 1021K [0x00000000d5580000, 0x00000000d6a80000, 0x0000000100000000)
  eden space 17408K, 0% used [0x00000000d5580000,0x00000000d5580000,0x00000000d6680000)
  from space 1024K, 99% used [0x00000000d6900000,0x00000000d69ff4b0,0x00000000d6a00000)
  to   space 2048K, 0% used [0x00000000d6680000,0x00000000d6680000,0x00000000d6880000)
 ParOldGen       total 96768K, used 96359K [0x0000000080000000, 0x0000000085e80000, 0x00000000d5580000)
  object space 96768K, 99% used [0x0000000080000000,0x0000000085e19df0,0x0000000085e80000)
 Metaspace       used 69549K, committed 70848K, reserved 1114112K
  class space    used 7309K, committed 7872K, reserved 1048576K
}
Event: 597.583 GC heap before
{Heap before GC invocations=82 (full 3):
 PSYoungGen      total 18432K, used 18429K [0x00000000d5580000, 0x00000000d6a80000, 0x0000000100000000)
  eden space 17408K, 100% used [0x00000000d5580000,0x00000000d6680000,0x00000000d6680000)
  from space 1024K, 99% used [0x00000000d6900000,0x00000000d69ff4b0,0x00000000d6a00000)
  to   space 2048K, 0% used [0x00000000d6680000,0x00000000d6680000,0x00000000d6880000)
 ParOldGen       total 96768K, used 96359K [0x0000000080000000, 0x0000000085e80000, 0x00000000d5580000)
  object space 96768K, 99% used [0x0000000080000000,0x0000000085e19df0,0x0000000085e80000)
 Metaspace       used 69549K, committed 70848K, reserved 1114112K
  class space    used 7309K, committed 7872K, reserved 1048576K
}
Event: 597.584 GC heap after
{Heap after GC invocations=82 (full 3):
 PSYoungGen      total 19456K, used 480K [0x00000000d5580000, 0x00000000d6980000, 0x0000000100000000)
  eden space 17408K, 0% used [0x00000000d5580000,0x00000000d5580000,0x00000000d6680000)
  from space 2048K, 23% used [0x00000000d6680000,0x00000000d66f8000,0x00000000d6880000)
  to   space 1024K, 0% used [0x00000000d6880000,0x00000000d6880000,0x00000000d6980000)
 ParOldGen       total 97792K, used 97388K [0x0000000080000000, 0x0000000085f80000, 0x00000000d5580000)
  object space 97792K, 99% used [0x0000000080000000,0x0000000085f1b218,0x0000000085f80000)
 Metaspace       used 69549K, committed 70848K, reserved 1114112K
  class space    used 7309K, committed 7872K, reserved 1048576K
}
Event: 597.673 GC heap before
{Heap before GC invocations=83 (full 3):
 PSYoungGen      total 19456K, used 17888K [0x00000000d5580000, 0x00000000d6980000, 0x0000000100000000)
  eden space 17408K, 100% used [0x00000000d5580000,0x00000000d6680000,0x00000000d6680000)
  from space 2048K, 23% used [0x00000000d6680000,0x00000000d66f8000,0x00000000d6880000)
  to   space 1024K, 0% used [0x00000000d6880000,0x00000000d6880000,0x00000000d6980000)
 ParOldGen       total 97792K, used 97388K [0x0000000080000000, 0x0000000085f80000, 0x00000000d5580000)
  object space 97792K, 99% used [0x0000000080000000,0x0000000085f1b218,0x0000000085f80000)
 Metaspace       used 69648K, committed 70912K, reserved 1114112K
  class space    used 7312K, committed 7872K, reserved 1048576K
}
Event: 597.674 GC heap after
{Heap after GC invocations=83 (full 3):
 PSYoungGen      total 17920K, used 480K [0x00000000d5580000, 0x00000000d6900000, 0x0000000100000000)
  eden space 17408K, 0% used [0x00000000d5580000,0x00000000d5580000,0x00000000d6680000)
  from space 512K, 93% used [0x00000000d6880000,0x00000000d68f8000,0x00000000d6900000)
  to   space 1024K, 0% used [0x00000000d6700000,0x00000000d6700000,0x00000000d6800000)
 ParOldGen       total 97792K, used 97732K [0x0000000080000000, 0x0000000085f80000, 0x00000000d5580000)
  object space 97792K, 99% used [0x0000000080000000,0x0000000085f71218,0x0000000085f80000)
 Metaspace       used 69648K, committed 70912K, reserved 1114112K
  class space    used 7312K, committed 7872K, reserved 1048576K
}
Event: 601.035 GC heap before
{Heap before GC invocations=84 (full 3):
 PSYoungGen      total 17920K, used 16204K [0x00000000d5580000, 0x00000000d6900000, 0x0000000100000000)
  eden space 17408K, 90% used [0x00000000d5580000,0x00000000d64db030,0x00000000d6680000)
  from space 512K, 93% used [0x00000000d6880000,0x00000000d68f8000,0x00000000d6900000)
  to   space 1024K, 0% used [0x00000000d6700000,0x00000000d6700000,0x00000000d6800000)
 ParOldGen       total 97792K, used 97732K [0x0000000080000000, 0x0000000085f80000, 0x00000000d5580000)
  object space 97792K, 99% used [0x0000000080000000,0x0000000085f71218,0x0000000085f80000)
 Metaspace       used 71321K, committed 72704K, reserved 1114112K
  class space    used 7525K, committed 8128K, reserved 1048576K
}
Event: 601.037 GC heap after
{Heap after GC invocations=84 (full 3):
 PSYoungGen      total 18432K, used 320K [0x00000000d5580000, 0x00000000d6900000, 0x0000000100000000)
  eden space 17408K, 0% used [0x00000000d5580000,0x00000000d5580000,0x00000000d6680000)
  from space 1024K, 31% used [0x00000000d6700000,0x00000000d6750000,0x00000000d6800000)
  to   space 512K, 0% used [0x00000000d6880000,0x00000000d6880000,0x00000000d6900000)
 ParOldGen       total 98304K, used 98025K [0x0000000080000000, 0x0000000086000000, 0x00000000d5580000)
  object space 98304K, 99% used [0x0000000080000000,0x0000000085fba418,0x0000000086000000)
 Metaspace       used 71321K, committed 72704K, reserved 1114112K
  class space    used 7525K, committed 8128K, reserved 1048576K
}
Event: 628.885 GC heap before
{Heap before GC invocations=85 (full 3):
 PSYoungGen      total 18432K, used 17728K [0x00000000d5580000, 0x00000000d6900000, 0x0000000100000000)
  eden space 17408K, 100% used [0x00000000d5580000,0x00000000d6680000,0x00000000d6680000)
  from space 1024K, 31% used [0x00000000d6700000,0x00000000d6750000,0x00000000d6800000)
  to   space 512K, 0% used [0x00000000d6880000,0x00000000d6880000,0x00000000d6900000)
 ParOldGen       total 98304K, used 98025K [0x0000000080000000, 0x0000000086000000, 0x00000000d5580000)
  object space 98304K, 99% used [0x0000000080000000,0x0000000085fba418,0x0000000086000000)
 Metaspace       used 71580K, committed 72896K, reserved 1114112K
  class space    used 7543K, committed 8128K, reserved 1048576K
}
Event: 628.886 GC heap after
{Heap after GC invocations=85 (full 3):
 PSYoungGen      total 17920K, used 400K [0x00000000d5580000, 0x00000000d6900000, 0x0000000100000000)
  eden space 17408K, 0% used [0x00000000d5580000,0x00000000d5580000,0x00000000d6680000)
  from space 512K, 78% used [0x00000000d6880000,0x00000000d68e4010,0x00000000d6900000)
  to   space 512K, 0% used [0x00000000d6800000,0x00000000d6800000,0x00000000d6880000)
 ParOldGen       total 98304K, used 98191K [0x0000000080000000, 0x0000000086000000, 0x00000000d5580000)
  object space 98304K, 99% used [0x0000000080000000,0x0000000085fe3d20,0x0000000086000000)
 Metaspace       used 71580K, committed 72896K, reserved 1114112K
  class space    used 7543K, committed 8128K, reserved 1048576K
}

